[debug] [2020-09-07T22:21:43.862Z] ----------------------------------------------------------------------
[debug] [2020-09-07T22:21:43.864Z] Command:       /home/jaque/.nvm/versions/node/v14.5.0/bin/node /usr/local/bin/firebase deploy
[debug] [2020-09-07T22:21:43.865Z] CLI Version:   7.12.0
[debug] [2020-09-07T22:21:43.865Z] Platform:      linux
[debug] [2020-09-07T22:21:43.865Z] Node Version:  v14.5.0
[debug] [2020-09-07T22:21:43.944Z] Time:          Mon Sep 07 2020 19:21:43 GMT-0300 (Brasilia Standard Time)
[debug] [2020-09-07T22:21:43.944Z] ----------------------------------------------------------------------
[debug] [2020-09-07T22:21:43.945Z] 
[debug] [2020-09-07T22:21:44.031Z] > command requires scopes: ["email","openid","https://www.googleapis.com/auth/cloudplatformprojects.readonly","https://www.googleapis.com/auth/firebase","https://www.googleapis.com/auth/cloud-platform"]
[debug] [2020-09-07T22:21:44.032Z] > authorizing via signed-in user
[debug] [2020-09-07T22:21:44.032Z] [iam] checking project contablack-9 for permissions ["firebase.projects.get","firebasehosting.sites.update"]
[debug] [2020-09-07T22:21:44.036Z] > refreshing access token with scopes: ["email","https://www.googleapis.com/auth/cloud-platform","https://www.googleapis.com/auth/cloudplatformprojects.readonly","https://www.googleapis.com/auth/firebase","openid"]
[debug] [2020-09-07T22:21:44.036Z] >>> HTTP REQUEST POST https://www.googleapis.com/oauth2/v3/token  
 <request body omitted>
[debug] [2020-09-07T22:21:44.497Z] <<< HTTP RESPONSE 400
[debug] [2020-09-07T22:21:44.507Z] >>> HTTP REQUEST POST https://cloudresourcemanager.googleapis.com/v1/projects/contablack-9:testIamPermissions  

[debug] [2020-09-07T22:21:45.524Z] <<< HTTP RESPONSE 401
[debug] [2020-09-07T22:21:45.525Z] <<< HTTP RESPONSE BODY
[debug] [2020-09-07T22:21:45.533Z] [iam] error while checking permissions, command may fail: FirebaseError: HTTP Error: 401, Request had invalid authentication credentials. Expected OAuth 2 access token, login cookie or other valid authentication credential. See https://developers.google.com/identity/sign-in/web/devconsole-project.
[debug] [2020-09-07T22:21:45.539Z] > refreshing access token with scopes: ["email","https://www.googleapis.com/auth/cloud-platform","https://www.googleapis.com/auth/cloudplatformprojects.readonly","https://www.googleapis.com/auth/firebase","openid"]
[debug] [2020-09-07T22:21:45.540Z] >>> HTTP REQUEST POST https://www.googleapis.com/oauth2/v3/token  
 <request body omitted>
[debug] [2020-09-07T22:21:45.716Z] <<< HTTP RESPONSE 400
[debug] [2020-09-07T22:21:45.717Z] >>> HTTP REQUEST GET https://firebase.googleapis.com/v1beta1/projects/contablack-9  
 
[debug] [2020-09-07T22:21:46.855Z] <<< HTTP RESPONSE 401
[debug] [2020-09-07T22:21:46.856Z] <<< HTTP RESPONSE BODY
[debug] [2020-09-07T22:21:46.858Z] HTTP Error: 401, Request had invalid authentication credentials. Expected OAuth 2 access token, login cookie or other valid authentication credential. See https://developers.google.com/identity/sign-in/web/devconsole-project.
[debug] [2020-09-07T22:21:46.859Z] FirebaseError: HTTP Error: 401, Request had invalid authentication credentials. Expected OAuth 2 access token, login cookie or other valid authentication credential. See https://developers.google.com/identity/sign-in/web/devconsole-project.
    at module.exports (/usr/local/lib/node_modules/firebase-tools/lib/responseToError.js:38:12)
    at Request._callback (/usr/local/lib/node_modules/firebase-tools/lib/api.js:39:35)
    at Request.self.callback (/usr/local/lib/node_modules/firebase-tools/node_modules/request/request.js:185:22)
    at Request.emit (events.js:314:20)
    at Request.EventEmitter.emit (domain.js:486:12)
    at Request.<anonymous> (/usr/local/lib/node_modules/firebase-tools/node_modules/request/request.js:1161:10)
    at Request.emit (events.js:314:20)
    at Request.EventEmitter.emit (domain.js:486:12)
    at IncomingMessage.<anonymous> (/usr/local/lib/node_modules/firebase-tools/node_modules/request/request.js:1083:12)
    at Object.onceWrapper (events.js:420:28)
    at IncomingMessage.emit (events.js:326:22)
    at IncomingMessage.EventEmitter.emit (domain.js:486:12)
    at endReadableNT (_stream_readable.js:1226:12)
    at processTicksAndRejections (internal/process/task_queues.js:80:21)
[error] 
[error] Error: Failed to get Firebase project contablack-9. Please make sure the project exists and your account has permission to access it.
